<?xml version="1.0" encoding="UTF-8"?>
<!-- Generated by org.testng.reporters.JUnitXMLReporter -->
<testsuite ignored="0" hostname="LAPTOP-SAR4E7I9" failures="0" tests="2" name="Test" time="0.047" errors="0" timestamp="2022-08-07T13:54:40 IST">
  <testcase classname="zerodhaTestclass.TestBaseClass" name="@BeforeClass browser" time="-1.659860680577E9">
    <failure type="org.testng.TestNGException" message="
Parameter &amp;apos;BrowserName&amp;apos; is required by BeforeClass on method browser but has not been marked @Optional or defined
in D:\eclipse 2022\Zerodha\testng.xml">
      <![CDATA[org.testng.TestNGException: 
Parameter 'BrowserName' is required by BeforeClass on method browser but has not been marked @Optional or defined
in D:\eclipse 2022\Zerodha\testng.xml
at java.base/java.util.concurrent.ThreadPoolExecutor.runWorker(ThreadPoolExecutor.java:1130)
at java.base/java.util.concurrent.ThreadPoolExecutor$Worker.run(ThreadPoolExecutor.java:630)
at java.base/java.lang.Thread.run(Thread.java:831)
... Removed 7 stack frames]]>
    </failure>
  </testcase> <!-- @BeforeClass browser -->
  <testcase classname="zerodhaTestclass.TestBaseClass" name="@BeforeClass browser" time="-1.659860680577E9">
    <failure type="org.testng.TestNGException" message="
Parameter &amp;apos;BrowserName&amp;apos; is required by BeforeClass on method browser but has not been marked @Optional or defined
in D:\eclipse 2022\Zerodha\testng.xml">
      <![CDATA[org.testng.TestNGException: 
Parameter 'BrowserName' is required by BeforeClass on method browser but has not been marked @Optional or defined
in D:\eclipse 2022\Zerodha\testng.xml
at java.base/java.util.concurrent.ThreadPoolExecutor.runWorker(ThreadPoolExecutor.java:1130)
at java.base/java.util.concurrent.ThreadPoolExecutor$Worker.run(ThreadPoolExecutor.java:630)
at java.base/java.lang.Thread.run(Thread.java:831)
... Removed 7 stack frames]]>
    </failure>
  </testcase> <!-- @BeforeClass browser -->
  <testcase classname="zerodhaTestclass.TestBaseClass" name="@BeforeMethod setup" time="-1.659860680595E9">
    <skipped/>
  </testcase> <!-- @BeforeMethod setup -->
  <testcase classname="zerodhaTestclass.TestBaseClass" name="@BeforeMethod setup" time="-1.659860680595E9">
    <skipped/>
  </testcase> <!-- @BeforeMethod setup -->
  <testcase classname="zerodhaTestclass.TestBaseClass" name="@AfterMethod teardown" time="-1.659860680607E9">
    <skipped/>
  </testcase> <!-- @AfterMethod teardown -->
  <testcase classname="zerodhaTestclass.TestBaseClass" name="@AfterMethod teardown" time="-1.659860680607E9">
    <skipped/>
  </testcase> <!-- @AfterMethod teardown -->
  <testcase classname="zerodhaTestclass.TC01verifylogin" name="verifyloginfunctionality" time="0.0">
    <skipped/>
  </testcase> <!-- verifyloginfunctionality -->
  <testcase classname="zerodhaTestclass.TC02verifyhomepage" name="verifyhomepage" time="0.0">
    <skipped/>
  </testcase> <!-- verifyhomepage -->
</testsuite> <!-- Test -->
